<?xml version="1.0" encoding="UTF-8"?>
<!-- Generated by org.testng.reporters.JUnitXMLReporter -->
<testsuite ignored="4" hostname="DELL-C0HKRC2" failures="0" tests="1" name="Default test" time="0.361" errors="0" timestamp="2021-12-10T20:52:15 ART">
  <testcase classname="pruebas.AlertTest" name="verAlerta4" time="0.262"/>
  <testcase classname="pruebas.AlertTest" name="verAlerta3" time="0.0">
    <ignored/>
  </testcase> <!-- verAlerta3 -->
  <testcase classname="pruebas.AlertTest" name="verAlerta1" time="0.0">
    <ignored/>
  </testcase> <!-- verAlerta1 -->
  <testcase classname="pruebas.AlertTest" name="verAlerta3Cancelar" time="0.0">
    <ignored/>
  </testcase> <!-- verAlerta3Cancelar -->
  <testcase classname="pruebas.AlertTest" name="verAlerta2" time="0.0">
    <ignored/>
  </testcase> <!-- verAlerta2 -->
</testsuite> <!-- Default test -->
