<?xml version="1.0" encoding="UTF-8"?>
<testng-results ignored="4" total="5" passed="1" failed="0" skipped="0">
  <reporter-output>
  </reporter-output>
  <suite started-at="2021-12-10T20:52:15 ART" name="Default suite" finished-at="2021-12-10T20:52:15 ART" duration-ms="361">
    <groups>
    </groups>
    <test started-at="2021-12-10T20:52:15 ART" name="Default test" finished-at="2021-12-10T20:52:15 ART" duration-ms="361">
      <class name="pruebas.AlertTest">
        <test-method is-config="true" signature="setUp()[pri:0, instance:pruebas.AlertTest@6e4784bc]" started-at="2021-12-10T20:52:04 ART" name="setUp" finished-at="2021-12-10T20:52:15 ART" duration-ms="11074" status="PASS">
          <reporter-output>
          </reporter-output>
        </test-method> <!-- setUp -->
        <test-method signature="verAlerta4()[pri:0, instance:pruebas.AlertTest@6e4784bc]" started-at="2021-12-10T20:52:15 ART" name="verAlerta4" finished-at="2021-12-10T20:52:15 ART" duration-ms="262" status="PASS">
          <reporter-output>
          </reporter-output>
        </test-method> <!-- verAlerta4 -->
        <test-method is-config="true" signature="cerrarNavegador()[pri:0, instance:pruebas.AlertTest@6e4784bc]" started-at="2021-12-10T20:52:15 ART" name="cerrarNavegador" finished-at="2021-12-10T20:52:20 ART" duration-ms="4348" status="PASS">
          <reporter-output>
          </reporter-output>
        </test-method> <!-- cerrarNavegador -->
      </class> <!-- pruebas.AlertTest -->
    </test> <!-- Default test -->
  </suite> <!-- Default suite -->
</testng-results>
